# JRE version: OpenJDK Runtime Environment (21.0.8) (build 21.0.8+-14196175-b1038.72)
# Java VM: OpenJDK 64-Bit Server VM (21.0.8+-14196175-b1038.72, mixed mode, tiered, compressed oops, compressed class ptrs, g1 gc, windows-amd64)
GC Precious Log:
 CardTable entry size: 512
 Card Set container configuration: InlinePtr #cards 5 size 8 Array Of Cards #cards 12 size 40 Howl #buckets 4 coarsen threshold 1843 Howl Bitmap #cards 512 size 80 coarsen threshold 460 Card regions per heap region 1 cards per card region 2048
 CPUs: 8 total, 8 available
 Memory: 16163M
 Large Page Support: Disabled
 NUMA Support: Disabled
 Compressed Oops: Enabled (32-bit)
 Heap Region Size: 1M
 Heap Min Capacity: 8M
 Heap Initial Capacity: 254M
 Heap Max Capacity: 1536M
 Pre-touch: Disabled
 Parallel Workers: 8
 Concurrent Workers: 2
 Concurrent Refinement Workers: 8
 Periodic GC: Disabled
Heap:
 garbage-first heap   total 396288K, used 256445K [0x00000000a0000000, 0x0000000100000000)
  region size 1024K, 23 young (23552K), 3 survivors (3072K)
 Metaspace       used 191597K, committed 194496K, reserved 622592K
  class space    used 25923K, committed 27328K, reserved 425984K
GC Heap History (20 events):
Event: 29.359 GC heap before
{Heap before GC invocations=59 (full 0):
 garbage-first heap   total 270336K, used 243867K [0x00000000a0000000, 0x0000000100000000)
  region size 1024K, 83 young (84992K), 11 survivors (11264K)
 Metaspace       used 159663K, committed 162176K, reserved 622592K
  class space    used 22003K, committed 23232K, reserved 425984K
}
Event: 29.368 GC heap after
{Heap after GC invocations=60 (full 0):
 garbage-first heap   total 270336K, used 176814K [0x00000000a0000000, 0x0000000100000000)
  region size 1024K, 6 young (6144K), 6 survivors (6144K)
 Metaspace       used 159663K, committed 162176K, reserved 622592K
  class space    used 22003K, committed 23232K, reserved 425984K
}
Event: 30.425 GC heap before
{Heap before GC invocations=61 (full 0):
 garbage-first heap   total 295936K, used 247470K [0x00000000a0000000, 0x0000000100000000)
  region size 1024K, 76 young (77824K), 6 survivors (6144K)
 Metaspace       used 171042K, committed 173632K, reserved 622592K
  class space    used 23077K, committed 24320K, reserved 425984K
}
Event: 30.432 GC heap after
{Heap after GC invocations=62 (full 0):
 garbage-first heap   total 295936K, used 179429K [0x00000000a0000000, 0x0000000100000000)
  region size 1024K, 3 young (3072K), 3 survivors (3072K)
 Metaspace       used 171042K, committed 173632K, reserved 622592K
  class space    used 23077K, committed 24320K, reserved 425984K
}
Event: 31.652 GC heap before
{Heap before GC invocations=62 (full 0):
 garbage-first heap   total 295936K, used 272613K [0x00000000a0000000, 0x0000000100000000)
  region size 1024K, 94 young (96256K), 3 survivors (3072K)
 Metaspace       used 178985K, committed 181568K, reserved 622592K
  class space    used 24289K, committed 25536K, reserved 425984K
}
Event: 31.660 GC heap after
{Heap after GC invocations=63 (full 0):
 garbage-first heap   total 295936K, used 181600K [0x00000000a0000000, 0x0000000100000000)
  region size 1024K, 6 young (6144K), 6 survivors (6144K)
 Metaspace       used 178985K, committed 181568K, reserved 622592K
  class space    used 24289K, committed 25536K, reserved 425984K
}
Event: 32.917 GC heap before
{Heap before GC invocations=63 (full 0):
 garbage-first heap   total 295936K, used 273760K [0x00000000a0000000, 0x0000000100000000)
  region size 1024K, 96 young (98304K), 6 survivors (6144K)
 Metaspace       used 185269K, committed 187968K, reserved 622592K
  class space    used 25162K, committed 26496K, reserved 425984K
}
Event: 32.925 GC heap after
{Heap after GC invocations=64 (full 0):
 garbage-first heap   total 295936K, used 186342K [0x00000000a0000000, 0x0000000100000000)
  region size 1024K, 11 young (11264K), 11 survivors (11264K)
 Metaspace       used 185269K, committed 187968K, reserved 622592K
  class space    used 25162K, committed 26496K, reserved 425984K
}
Event: 33.604 GC heap before
{Heap before GC invocations=65 (full 0):
 garbage-first heap   total 321536K, used 270310K [0x00000000a0000000, 0x0000000100000000)
  region size 1024K, 89 young (91136K), 11 survivors (11264K)
 Metaspace       used 186520K, committed 189248K, reserved 622592K
  class space    used 25218K, committed 26560K, reserved 425984K
}
Event: 33.615 GC heap after
{Heap after GC invocations=66 (full 0):
 garbage-first heap   total 321536K, used 191192K [0x00000000a0000000, 0x0000000100000000)
  region size 1024K, 10 young (10240K), 10 survivors (10240K)
 Metaspace       used 186520K, committed 189248K, reserved 622592K
  class space    used 25218K, committed 26560K, reserved 425984K
}
Event: 34.692 GC heap before
{Heap before GC invocations=66 (full 0):
 garbage-first heap   total 321536K, used 295640K [0x00000000a0000000, 0x0000000100000000)
  region size 1024K, 109 young (111616K), 10 survivors (10240K)
 Metaspace       used 190148K, committed 192960K, reserved 622592K
  class space    used 25776K, committed 27136K, reserved 425984K
}
Event: 34.705 GC heap after
{Heap after GC invocations=67 (full 0):
 garbage-first heap   total 321536K, used 204798K [0x00000000a0000000, 0x0000000100000000)
  region size 1024K, 14 young (14336K), 14 survivors (14336K)
 Metaspace       used 190148K, committed 192960K, reserved 622592K
  class space    used 25776K, committed 27136K, reserved 425984K
}
Event: 35.551 GC heap before
{Heap before GC invocations=67 (full 0):
 garbage-first heap   total 321536K, used 289790K [0x00000000a0000000, 0x0000000100000000)
  region size 1024K, 97 young (99328K), 14 survivors (14336K)
 Metaspace       used 190993K, committed 193856K, reserved 622592K
  class space    used 25848K, committed 27264K, reserved 425984K
}
Event: 35.564 GC heap after
{Heap after GC invocations=68 (full 0):
 garbage-first heap   total 321536K, used 216790K [0x00000000a0000000, 0x0000000100000000)
  region size 1024K, 11 young (11264K), 11 survivors (11264K)
 Metaspace       used 190993K, committed 193856K, reserved 622592K
  class space    used 25848K, committed 27264K, reserved 425984K
}
Event: 36.170 GC heap before
{Heap before GC invocations=69 (full 0):
 garbage-first heap   total 362496K, used 292566K [0x00000000a0000000, 0x0000000100000000)
  region size 1024K, 83 young (84992K), 11 survivors (11264K)
 Metaspace       used 191052K, committed 193984K, reserved 622592K
  class space    used 25854K, committed 27264K, reserved 425984K
}
Event: 36.178 GC heap after
{Heap after GC invocations=70 (full 0):
 garbage-first heap   total 362496K, used 224259K [0x00000000a0000000, 0x0000000100000000)
  region size 1024K, 5 young (5120K), 5 survivors (5120K)
 Metaspace       used 191052K, committed 193984K, reserved 622592K
  class space    used 25854K, committed 27264K, reserved 425984K
}
Event: 36.910 GC heap before
{Heap before GC invocations=70 (full 0):
 garbage-first heap   total 362496K, used 334851K [0x00000000a0000000, 0x0000000100000000)
  region size 1024K, 112 young (114688K), 5 survivors (5120K)
 Metaspace       used 191414K, committed 194368K, reserved 622592K
  class space    used 25902K, committed 27328K, reserved 425984K
}
Event: 36.920 GC heap after
{Heap after GC invocations=71 (full 0):
 garbage-first heap   total 362496K, used 229335K [0x00000000a0000000, 0x0000000100000000)
  region size 1024K, 14 young (14336K), 14 survivors (14336K)
 Metaspace       used 191414K, committed 194368K, reserved 622592K
  class space    used 25902K, committed 27328K, reserved 425984K
}
Event: 37.186 GC heap before
{Heap before GC invocations=71 (full 0):
 garbage-first heap   total 362496K, used 292823K [0x00000000a0000000, 0x0000000100000000)
  region size 1024K, 78 young (79872K), 14 survivors (14336K)
 Metaspace       used 191465K, committed 194368K, reserved 622592K
  class space    used 25908K, committed 27328K, reserved 425984K
}
Event: 37.195 GC heap after
{Heap after GC invocations=72 (full 0):
 garbage-first heap   total 362496K, used 231869K [0x00000000a0000000, 0x0000000100000000)
  region size 1024K, 3 young (3072K), 3 survivors (3072K)
 Metaspace       used 191465K, committed 194368K, reserved 622592K
  class space    used 25908K, committed 27328K, reserved 425984K
}

