# JRE version: OpenJDK Runtime Environment (21.0.8) (build 21.0.8+-14196175-b1038.72)
# Java VM: OpenJDK 64-Bit Server VM (21.0.8+-14196175-b1038.72, mixed mode, tiered, compressed oops, compressed class ptrs, g1 gc, windows-amd64)
GC Precious Log:
 CardTable entry size: 512
 Card Set container configuration: InlinePtr #cards 4 size 8 Array Of Cards #cards 32 size 80 Howl #buckets 8 coarsen threshold 7372 Howl Bitmap #cards 1024 size 144 coarsen threshold 921 Card regions per heap region 1 cards per card region 8192
 CPUs: 8 total, 8 available
 Memory: 16163M
 Large Page Support: Disabled
 NUMA Support: Disabled
 Compressed Oops: Enabled (Zero based)
 Heap Region Size: 4M
 Heap Min Capacity: 8M
 Heap Initial Capacity: 256M
 Heap Max Capacity: 8G
 Pre-touch: Disabled
 Parallel Workers: 8
 Concurrent Workers: 2
 Concurrent Refinement Workers: 8
 Periodic GC: Disabled
Heap:
 garbage-first heap   total 1130496K, used 435644K [0x0000000600000000, 0x0000000800000000)
  region size 4096K, 13 young (53248K), 11 survivors (45056K)
 Metaspace       used 299025K, committed 302912K, reserved 1376256K
  class space    used 39264K, committed 41024K, reserved 1048576K
GC Heap History (20 events):
Event: 942.003 GC heap before
{Heap before GC invocations=78 (full 0):
 garbage-first heap   total 618496K, used 550860K [0x0000000600000000, 0x0000000800000000)
  region size 4096K, 52 young (212992K), 6 survivors (24576K)
 Metaspace       used 191600K, committed 194368K, reserved 1245184K
  class space    used 26070K, committed 27392K, reserved 1048576K
}
Event: 942.052 GC heap after
{Heap after GC invocations=79 (full 0):
 garbage-first heap   total 618496K, used 402924K [0x0000000600000000, 0x0000000800000000)
  region size 4096K, 7 young (28672K), 7 survivors (28672K)
 Metaspace       used 191600K, committed 194368K, reserved 1245184K
  class space    used 26070K, committed 27392K, reserved 1048576K
}
Event: 942.641 GC heap before
{Heap before GC invocations=79 (full 0):
 garbage-first heap   total 618496K, used 546284K [0x0000000600000000, 0x0000000800000000)
  region size 4096K, 43 young (176128K), 7 survivors (28672K)
 Metaspace       used 191650K, committed 194432K, reserved 1245184K
  class space    used 26070K, committed 27392K, reserved 1048576K
}
Event: 942.730 GC heap after
{Heap after GC invocations=80 (full 0):
 garbage-first heap   total 671744K, used 454014K [0x0000000600000000, 0x0000000800000000)
  region size 4096K, 6 young (24576K), 6 survivors (24576K)
 Metaspace       used 191650K, committed 194432K, reserved 1245184K
  class space    used 26070K, committed 27392K, reserved 1048576K
}
Event: 943.529 GC heap before
{Heap before GC invocations=80 (full 0):
 garbage-first heap   total 671744K, used 572798K [0x0000000600000000, 0x0000000800000000)
  region size 4096K, 36 young (147456K), 6 survivors (24576K)
 Metaspace       used 191762K, committed 194560K, reserved 1245184K
  class space    used 26078K, committed 27392K, reserved 1048576K
}
Event: 943.576 GC heap after
{Heap after GC invocations=81 (full 0):
 garbage-first heap   total 1130496K, used 493137K [0x0000000600000000, 0x0000000800000000)
  region size 4096K, 5 young (20480K), 5 survivors (20480K)
 Metaspace       used 191762K, committed 194560K, reserved 1245184K
  class space    used 26078K, committed 27392K, reserved 1048576K
}
Event: 950.429 GC heap before
{Heap before GC invocations=82 (full 0):
 garbage-first heap   total 1130496K, used 865873K [0x0000000600000000, 0x0000000800000000)
  region size 4096K, 99 young (405504K), 5 survivors (20480K)
 Metaspace       used 192041K, committed 194816K, reserved 1245184K
  class space    used 26116K, committed 27456K, reserved 1048576K
}
Event: 950.478 GC heap after
{Heap after GC invocations=83 (full 0):
 garbage-first heap   total 1130496K, used 526720K [0x0000000600000000, 0x0000000800000000)
  region size 4096K, 13 young (53248K), 13 survivors (53248K)
 Metaspace       used 192041K, committed 194816K, reserved 1245184K
  class space    used 26116K, committed 27456K, reserved 1048576K
}
Event: 960.065 GC heap before
{Heap before GC invocations=83 (full 0):
 garbage-first heap   total 1130496K, used 944512K [0x0000000600000000, 0x0000000800000000)
  region size 4096K, 109 young (446464K), 13 survivors (53248K)
 Metaspace       used 194960K, committed 197824K, reserved 1245184K
  class space    used 26334K, committed 27648K, reserved 1048576K
}
Event: 960.102 GC heap after
{Heap after GC invocations=84 (full 0):
 garbage-first heap   total 1130496K, used 490116K [0x0000000600000000, 0x0000000800000000)
  region size 4096K, 3 young (12288K), 3 survivors (12288K)
 Metaspace       used 194960K, committed 197824K, reserved 1245184K
  class space    used 26334K, committed 27648K, reserved 1048576K
}
Event: 968.376 GC heap before
{Heap before GC invocations=84 (full 0):
 garbage-first heap   total 1130496K, used 965252K [0x0000000600000000, 0x0000000800000000)
  region size 4096K, 120 young (491520K), 3 survivors (12288K)
 Metaspace       used 197192K, committed 200064K, reserved 1245184K
  class space    used 26594K, committed 27968K, reserved 1048576K
}
Event: 968.395 GC heap after
{Heap after GC invocations=85 (full 0):
 garbage-first heap   total 1130496K, used 506500K [0x0000000600000000, 0x0000000800000000)
  region size 4096K, 7 young (28672K), 7 survivors (28672K)
 Metaspace       used 197192K, committed 200064K, reserved 1245184K
  class space    used 26594K, committed 27968K, reserved 1048576K
}
Event: 1262.618 GC heap before
{Heap before GC invocations=86 (full 0):
 garbage-first heap   total 1130496K, used 1084036K [0x0000000600000000, 0x0000000800000000)
  region size 4096K, 125 young (512000K), 7 survivors (28672K)
 Metaspace       used 219604K, committed 222656K, reserved 1245184K
  class space    used 29791K, committed 31232K, reserved 1048576K
}
Event: 1262.643 GC heap after
{Heap after GC invocations=87 (full 0):
 garbage-first heap   total 1130496K, used 485130K [0x0000000600000000, 0x0000000800000000)
  region size 4096K, 7 young (28672K), 7 survivors (28672K)
 Metaspace       used 219604K, committed 222656K, reserved 1245184K
  class space    used 29791K, committed 31232K, reserved 1048576K
}
Event: 1290.360 GC heap before
{Heap before GC invocations=87 (full 0):
 garbage-first heap   total 1130496K, used 1009418K [0x0000000600000000, 0x0000000800000000)
  region size 4096K, 134 young (548864K), 7 survivors (28672K)
 Metaspace       used 263668K, committed 267008K, reserved 1310720K
  class space    used 34648K, committed 36224K, reserved 1048576K
}
Event: 1290.396 GC heap after
{Heap after GC invocations=88 (full 0):
 garbage-first heap   total 1130496K, used 397836K [0x0000000600000000, 0x0000000800000000)
  region size 4096K, 12 young (49152K), 12 survivors (49152K)
 Metaspace       used 263668K, committed 267008K, reserved 1310720K
  class space    used 34648K, committed 36224K, reserved 1048576K
}
Event: 1301.845 GC heap before
{Heap before GC invocations=88 (full 0):
 garbage-first heap   total 1130496K, used 1020428K [0x0000000600000000, 0x0000000800000000)
  region size 4096K, 160 young (655360K), 12 survivors (49152K)
 Metaspace       used 282256K, committed 285696K, reserved 1310720K
  class space    used 36815K, committed 38464K, reserved 1048576K
}
Event: 1301.914 GC heap after
{Heap after GC invocations=89 (full 0):
 garbage-first heap   total 1130496K, used 402631K [0x0000000600000000, 0x0000000800000000)
  region size 4096K, 20 young (81920K), 20 survivors (81920K)
 Metaspace       used 282256K, committed 285696K, reserved 1310720K
  class space    used 36815K, committed 38464K, reserved 1048576K
}
Event: 1315.170 GC heap before
{Heap before GC invocations=89 (full 0):
 garbage-first heap   total 1130496K, used 955591K [0x0000000600000000, 0x0000000800000000)
  region size 4096K, 156 young (638976K), 20 survivors (81920K)
 Metaspace       used 299570K, committed 303232K, reserved 1376256K
  class space    used 39302K, committed 41024K, reserved 1048576K
}
Event: 1315.240 GC heap after
{Heap after GC invocations=90 (full 0):
 garbage-first heap   total 1130496K, used 435644K [0x0000000600000000, 0x0000000800000000)
  region size 4096K, 11 young (45056K), 11 survivors (45056K)
 Metaspace       used 299570K, committed 303232K, reserved 1376256K
  class space    used 39302K, committed 41024K, reserved 1048576K
}

