# JRE version: Java(TM) SE Runtime Environment (17.0.12+8) (build 17.0.12+8-LTS-286)
# Java VM: Java HotSpot(TM) 64-Bit Server VM (17.0.12+8-LTS-286, mixed mode, sharing, tiered, compressed oops, compressed class ptrs, g1 gc, windows-amd64)
GC Precious Log:
 CPUs: 8 total, 8 available
 Memory: 16163M
 Large Page Support: Disabled
 NUMA Support: Disabled
 Compressed Oops: Enabled (32-bit)
 Heap Region Size: 1M
 Heap Min Capacity: 8M
 Heap Initial Capacity: 254M
 Heap Max Capacity: 2G
 Pre-touch: Disabled
 Parallel Workers: 8
 Concurrent Workers: 2
 Concurrent Refinement Workers: 8
 Periodic GC: Disabled
Heap:
 garbage-first heap   total 264192K, used 194698K [0x0000000080000000, 0x0000000100000000)
  region size 1024K, 6 young (6144K), 1 survivors (1024K)
 Metaspace       used 133490K, committed 134528K, reserved 557056K
  class space    used 17340K, committed 17856K, reserved 425984K
GC Heap History (20 events):
Event: 32.324 GC heap before
{Heap before GC invocations=44 (full 0):
 garbage-first heap   total 264192K, used 197205K [0x0000000080000000, 0x0000000100000000)
  region size 1024K, 85 young (87040K), 6 survivors (6144K)
 Metaspace       used 121382K, committed 122176K, reserved 557056K
  class space    used 15828K, committed 16192K, reserved 425984K
}
Event: 32.330 GC heap after
{Heap after GC invocations=45 (full 0):
 garbage-first heap   total 264192K, used 119005K [0x0000000080000000, 0x0000000100000000)
  region size 1024K, 8 young (8192K), 8 survivors (8192K)
 Metaspace       used 121382K, committed 122176K, reserved 557056K
  class space    used 15828K, committed 16192K, reserved 425984K
}
Event: 34.892 GC heap before
{Heap before GC invocations=46 (full 0):
 garbage-first heap   total 264192K, used 207069K [0x0000000080000000, 0x0000000100000000)
  region size 1024K, 95 young (97280K), 8 survivors (8192K)
 Metaspace       used 126074K, committed 126848K, reserved 557056K
  class space    used 16605K, committed 16960K, reserved 425984K
}
Event: 34.906 GC heap after
{Heap after GC invocations=47 (full 0):
 garbage-first heap   total 264192K, used 120126K [0x0000000080000000, 0x0000000100000000)
  region size 1024K, 12 young (12288K), 12 survivors (12288K)
 Metaspace       used 126074K, committed 126848K, reserved 557056K
  class space    used 16605K, committed 16960K, reserved 425984K
}
Event: 34.925 GC heap before
{Heap before GC invocations=47 (full 0):
 garbage-first heap   total 264192K, used 121150K [0x0000000080000000, 0x0000000100000000)
  region size 1024K, 13 young (13312K), 12 survivors (12288K)
 Metaspace       used 126082K, committed 126912K, reserved 557056K
  class space    used 16606K, committed 16960K, reserved 425984K
}
Event: 34.935 GC heap after
{Heap after GC invocations=48 (full 0):
 garbage-first heap   total 264192K, used 119781K [0x0000000080000000, 0x0000000100000000)
  region size 1024K, 2 young (2048K), 2 survivors (2048K)
 Metaspace       used 126082K, committed 126912K, reserved 557056K
  class space    used 16606K, committed 16960K, reserved 425984K
}
Event: 35.796 GC heap before
{Heap before GC invocations=48 (full 0):
 garbage-first heap   total 264192K, used 205797K [0x0000000080000000, 0x0000000100000000)
  region size 1024K, 87 young (89088K), 2 survivors (2048K)
 Metaspace       used 126401K, committed 127168K, reserved 557056K
  class space    used 16617K, committed 16960K, reserved 425984K
}
Event: 35.805 GC heap after
{Heap after GC invocations=49 (full 0):
 garbage-first heap   total 264192K, used 123099K [0x0000000080000000, 0x0000000100000000)
  region size 1024K, 5 young (5120K), 5 survivors (5120K)
 Metaspace       used 126401K, committed 127168K, reserved 557056K
  class space    used 16617K, committed 16960K, reserved 425984K
}
Event: 38.028 GC heap before
{Heap before GC invocations=49 (full 0):
 garbage-first heap   total 264192K, used 224475K [0x0000000080000000, 0x0000000100000000)
  region size 1024K, 91 young (93184K), 5 survivors (5120K)
 Metaspace       used 127307K, committed 128128K, reserved 557056K
  class space    used 16719K, committed 17088K, reserved 425984K
}
Event: 38.044 GC heap after
{Heap after GC invocations=50 (full 0):
 garbage-first heap   total 264192K, used 150900K [0x0000000080000000, 0x0000000100000000)
  region size 1024K, 12 young (12288K), 12 survivors (12288K)
 Metaspace       used 127307K, committed 128128K, reserved 557056K
  class space    used 16719K, committed 17088K, reserved 425984K
}
Event: 38.288 GC heap before
{Heap before GC invocations=50 (full 0):
 garbage-first heap   total 264192K, used 212340K [0x0000000080000000, 0x0000000100000000)
  region size 1024K, 71 young (72704K), 12 survivors (12288K)
 Metaspace       used 127316K, committed 128128K, reserved 557056K
  class space    used 16719K, committed 17088K, reserved 425984K
}
Event: 38.312 GC heap after
{Heap after GC invocations=51 (full 0):
 garbage-first heap   total 264192K, used 163682K [0x0000000080000000, 0x0000000100000000)
  region size 1024K, 9 young (9216K), 9 survivors (9216K)
 Metaspace       used 127316K, committed 128128K, reserved 557056K
  class space    used 16719K, committed 17088K, reserved 425984K
}
Event: 38.882 GC heap before
{Heap before GC invocations=51 (full 0):
 garbage-first heap   total 264192K, used 218978K [0x0000000080000000, 0x0000000100000000)
  region size 1024K, 55 young (56320K), 9 survivors (9216K)
 Metaspace       used 127550K, committed 128448K, reserved 557056K
  class space    used 16727K, committed 17152K, reserved 425984K
}
Event: 38.893 GC heap after
{Heap after GC invocations=52 (full 0):
 garbage-first heap   total 264192K, used 179580K [0x0000000080000000, 0x0000000100000000)
  region size 1024K, 7 young (7168K), 7 survivors (7168K)
 Metaspace       used 127550K, committed 128448K, reserved 557056K
  class space    used 16727K, committed 17152K, reserved 425984K
}
Event: 39.609 GC heap before
{Heap before GC invocations=52 (full 0):
 garbage-first heap   total 264192K, used 217468K [0x0000000080000000, 0x0000000100000000)
  region size 1024K, 44 young (45056K), 7 survivors (7168K)
 Metaspace       used 128203K, committed 129088K, reserved 557056K
  class space    used 16754K, committed 17152K, reserved 425984K
}
Event: 39.617 GC heap after
{Heap after GC invocations=53 (full 0):
 garbage-first heap   total 264192K, used 185368K [0x0000000080000000, 0x0000000100000000)
  region size 1024K, 6 young (6144K), 6 survivors (6144K)
 Metaspace       used 128203K, committed 129088K, reserved 557056K
  class space    used 16754K, committed 17152K, reserved 425984K
}
Event: 41.187 GC heap before
{Heap before GC invocations=53 (full 0):
 garbage-first heap   total 264192K, used 223256K [0x0000000080000000, 0x0000000100000000)
  region size 1024K, 40 young (40960K), 6 survivors (6144K)
 Metaspace       used 130312K, committed 131200K, reserved 557056K
  class space    used 16981K, committed 17408K, reserved 425984K
}
Event: 41.194 GC heap after
{Heap after GC invocations=54 (full 0):
 garbage-first heap   total 264192K, used 193243K [0x0000000080000000, 0x0000000100000000)
  region size 1024K, 4 young (4096K), 4 survivors (4096K)
 Metaspace       used 130312K, committed 131200K, reserved 557056K
  class space    used 16981K, committed 17408K, reserved 425984K
}
Event: 41.726 GC heap before
{Heap before GC invocations=54 (full 0):
 garbage-first heap   total 264192K, used 222939K [0x0000000080000000, 0x0000000100000000)
  region size 1024K, 33 young (33792K), 4 survivors (4096K)
 Metaspace       used 133039K, committed 134016K, reserved 557056K
  class space    used 17282K, committed 17728K, reserved 425984K
}
Event: 41.730 GC heap after
{Heap after GC invocations=55 (full 0):
 garbage-first heap   total 264192K, used 193674K [0x0000000080000000, 0x0000000100000000)
  region size 1024K, 1 young (1024K), 1 survivors (1024K)
 Metaspace       used 133039K, committed 134016K, reserved 557056K
  class space    used 17282K, committed 17728K, reserved 425984K
}

