# JRE version: OpenJDK Runtime Environment (21.0.8) (build 21.0.8+-14196175-b1038.72)
# Java VM: OpenJDK 64-Bit Server VM (21.0.8+-14196175-b1038.72, mixed mode, tiered, compressed oops, compressed class ptrs, g1 gc, windows-amd64)
GC Precious Log:
 CardTable entry size: 512
 Card Set container configuration: InlinePtr #cards 5 size 8 Array Of Cards #cards 12 size 40 Howl #buckets 4 coarsen threshold 1843 Howl Bitmap #cards 512 size 80 coarsen threshold 460 Card regions per heap region 1 cards per card region 2048
 CPUs: 8 total, 8 available
 Memory: 16163M
 Large Page Support: Disabled
 NUMA Support: Disabled
 Compressed Oops: Enabled (32-bit)
 Heap Region Size: 1M
 Heap Min Capacity: 8M
 Heap Initial Capacity: 254M
 Heap Max Capacity: 2G
 Pre-touch: Disabled
 Parallel Workers: 8
 Concurrent Workers: 2
 Concurrent Refinement Workers: 8
 Periodic GC: Disabled
Heap:
 garbage-first heap   total 296960K, used 222151K [0x0000000080000000, 0x0000000100000000)
  region size 1024K, 48 young (49152K), 12 survivors (12288K)
 Metaspace       used 183527K, committed 186176K, reserved 622592K
  class space    used 24738K, committed 26048K, reserved 425984K
GC Heap History (20 events):
Event: 345.143 GC heap before
{Heap before GC invocations=60 (full 0):
 garbage-first heap   total 235520K, used 150179K [0x0000000080000000, 0x0000000100000000)
  region size 1024K, 24 young (24576K), 9 survivors (9216K)
 Metaspace       used 136099K, committed 138432K, reserved 557056K
  class space    used 19534K, committed 20672K, reserved 425984K
}
Event: 345.155 GC heap after
{Heap after GC invocations=61 (full 0):
 garbage-first heap   total 235520K, used 142336K [0x0000000080000000, 0x0000000100000000)
  region size 1024K, 11 young (11264K), 11 survivors (11264K)
 Metaspace       used 136099K, committed 138432K, reserved 557056K
  class space    used 19534K, committed 20672K, reserved 425984K
}
Event: 345.866 GC heap before
{Heap before GC invocations=62 (full 0):
 garbage-first heap   total 239616K, used 207872K [0x0000000080000000, 0x0000000100000000)
  region size 1024K, 74 young (75776K), 11 survivors (11264K)
 Metaspace       used 137013K, committed 139264K, reserved 557056K
  class space    used 19679K, committed 20800K, reserved 425984K
}
Event: 345.886 GC heap after
{Heap after GC invocations=63 (full 0):
 garbage-first heap   total 239616K, used 152206K [0x0000000080000000, 0x0000000100000000)
  region size 1024K, 10 young (10240K), 10 survivors (10240K)
 Metaspace       used 137013K, committed 139264K, reserved 557056K
  class space    used 19679K, committed 20800K, reserved 425984K
}
Event: 347.166 GC heap before
{Heap before GC invocations=63 (full 0):
 garbage-first heap   total 239616K, used 215694K [0x0000000080000000, 0x0000000100000000)
  region size 1024K, 65 young (66560K), 10 survivors (10240K)
 Metaspace       used 143489K, committed 145728K, reserved 557056K
  class space    used 20375K, committed 21504K, reserved 425984K
}
Event: 347.178 GC heap after
{Heap after GC invocations=64 (full 0):
 garbage-first heap   total 239616K, used 163103K [0x0000000080000000, 0x0000000100000000)
  region size 1024K, 5 young (5120K), 5 survivors (5120K)
 Metaspace       used 143489K, committed 145728K, reserved 557056K
  class space    used 20375K, committed 21504K, reserved 425984K
}
Event: 348.599 GC heap before
{Heap before GC invocations=64 (full 0):
 garbage-first heap   total 239616K, used 214303K [0x0000000080000000, 0x0000000100000000)
  region size 1024K, 55 young (56320K), 5 survivors (5120K)
 Metaspace       used 149901K, committed 152576K, reserved 557056K
  class space    used 21129K, committed 22464K, reserved 425984K
}
Event: 348.605 GC heap after
{Heap after GC invocations=65 (full 0):
 garbage-first heap   total 239616K, used 166232K [0x0000000080000000, 0x0000000100000000)
  region size 1024K, 3 young (3072K), 3 survivors (3072K)
 Metaspace       used 149901K, committed 152576K, reserved 557056K
  class space    used 21129K, committed 22464K, reserved 425984K
}
Event: 350.359 GC heap before
{Heap before GC invocations=66 (full 0):
 garbage-first heap   total 276480K, used 218456K [0x0000000080000000, 0x0000000100000000)
  region size 1024K, 54 young (55296K), 3 survivors (3072K)
 Metaspace       used 155852K, committed 158464K, reserved 622592K
  class space    used 21913K, committed 23232K, reserved 425984K
}
Event: 350.365 GC heap after
{Heap after GC invocations=67 (full 0):
 garbage-first heap   total 276480K, used 169789K [0x0000000080000000, 0x0000000100000000)
  region size 1024K, 7 young (7168K), 7 survivors (7168K)
 Metaspace       used 155852K, committed 158464K, reserved 622592K
  class space    used 21913K, committed 23232K, reserved 425984K
}
Event: 351.696 GC heap before
{Heap before GC invocations=67 (full 0):
 garbage-first heap   total 276480K, used 245565K [0x0000000080000000, 0x0000000100000000)
  region size 1024K, 81 young (82944K), 7 survivors (7168K)
 Metaspace       used 158428K, committed 161024K, reserved 622592K
  class space    used 22197K, committed 23488K, reserved 425984K
}
Event: 351.707 GC heap after
{Heap after GC invocations=68 (full 0):
 garbage-first heap   total 276480K, used 170332K [0x0000000080000000, 0x0000000100000000)
  region size 1024K, 10 young (10240K), 10 survivors (10240K)
 Metaspace       used 158428K, committed 161024K, reserved 622592K
  class space    used 22197K, committed 23488K, reserved 425984K
}
Event: 353.617 GC heap before
{Heap before GC invocations=68 (full 0):
 garbage-first heap   total 276480K, used 250204K [0x0000000080000000, 0x0000000100000000)
  region size 1024K, 88 young (90112K), 10 survivors (10240K)
 Metaspace       used 162998K, committed 165568K, reserved 622592K
  class space    used 22648K, committed 23936K, reserved 425984K
}
Event: 353.628 GC heap after
{Heap after GC invocations=69 (full 0):
 garbage-first heap   total 276480K, used 177687K [0x0000000080000000, 0x0000000100000000)
  region size 1024K, 11 young (11264K), 11 survivors (11264K)
 Metaspace       used 162998K, committed 165568K, reserved 622592K
  class space    used 22648K, committed 23936K, reserved 425984K
}
Event: 354.913 GC heap before
{Heap before GC invocations=70 (full 0):
 garbage-first heap   total 296960K, used 248343K [0x0000000080000000, 0x0000000100000000)
  region size 1024K, 81 young (82944K), 11 survivors (11264K)
 Metaspace       used 172022K, committed 174656K, reserved 622592K
  class space    used 23757K, committed 25088K, reserved 425984K
}
Event: 354.923 GC heap after
{Heap after GC invocations=71 (full 0):
 garbage-first heap   total 296960K, used 183555K [0x0000000080000000, 0x0000000100000000)
  region size 1024K, 6 young (6144K), 6 survivors (6144K)
 Metaspace       used 172022K, committed 174656K, reserved 622592K
  class space    used 23757K, committed 25088K, reserved 425984K
}
Event: 368.821 GC heap before
{Heap before GC invocations=71 (full 0):
 garbage-first heap   total 296960K, used 272643K [0x0000000080000000, 0x0000000100000000)
  region size 1024K, 93 young (95232K), 6 survivors (6144K)
 Metaspace       used 183138K, committed 185792K, reserved 622592K
  class space    used 24727K, committed 26048K, reserved 425984K
}
Event: 368.832 GC heap after
{Heap after GC invocations=72 (full 0):
 garbage-first heap   total 296960K, used 186331K [0x0000000080000000, 0x0000000100000000)
  region size 1024K, 8 young (8192K), 8 survivors (8192K)
 Metaspace       used 183138K, committed 185792K, reserved 622592K
  class space    used 24727K, committed 26048K, reserved 425984K
}
Event: 386.572 GC heap before
{Heap before GC invocations=72 (full 0):
 garbage-first heap   total 296960K, used 272347K [0x0000000080000000, 0x0000000100000000)
  region size 1024K, 92 young (94208K), 8 survivors (8192K)
 Metaspace       used 183502K, committed 186176K, reserved 622592K
  class space    used 24738K, committed 26048K, reserved 425984K
}
Event: 386.589 GC heap after
{Heap after GC invocations=73 (full 0):
 garbage-first heap   total 296960K, used 186311K [0x0000000080000000, 0x0000000100000000)
  region size 1024K, 12 young (12288K), 12 survivors (12288K)
 Metaspace       used 183502K, committed 186176K, reserved 622592K
  class space    used 24738K, committed 26048K, reserved 425984K
}

