# JRE version: OpenJDK Runtime Environment (21.0.8) (build 21.0.8+-14196175-b1038.72)
# Java VM: OpenJDK 64-Bit Server VM (21.0.8+-14196175-b1038.72, mixed mode, tiered, compressed oops, compressed class ptrs, g1 gc, windows-amd64)
GC Precious Log:
 CardTable entry size: 512
 Card Set container configuration: InlinePtr #cards 5 size 8 Array Of Cards #cards 12 size 40 Howl #buckets 4 coarsen threshold 1843 Howl Bitmap #cards 512 size 80 coarsen threshold 460 Card regions per heap region 1 cards per card region 2048
 CPUs: 8 total, 8 available
 Memory: 16163M
 Large Page Support: Disabled
 NUMA Support: Disabled
 Compressed Oops: Enabled (32-bit)
 Heap Region Size: 1M
 Heap Min Capacity: 8M
 Heap Initial Capacity: 254M
 Heap Max Capacity: 2G
 Pre-touch: Disabled
 Parallel Workers: 8
 Concurrent Workers: 2
 Concurrent Refinement Workers: 8
 Periodic GC: Disabled
Heap:
 garbage-first heap   total 71680K, used 60921K [0x0000000080000000, 0x0000000100000000)
  region size 1024K, 36 young (36864K), 5 survivors (5120K)
 Metaspace       used 44890K, committed 45824K, reserved 491520K
  class space    used 5969K, committed 6400K, reserved 425984K
GC Heap History (16 events):
Event: 1.223 GC heap before
{Heap before GC invocations=0 (full 0):
 garbage-first heap   total 260096K, used 22528K [0x0000000080000000, 0x0000000100000000)
  region size 1024K, 23 young (23552K), 0 survivors (0K)
 Metaspace       used 8111K, committed 8256K, reserved 491520K
  class space    used 749K, committed 832K, reserved 425984K
}
Event: 1.228 GC heap after
{Heap after GC invocations=1 (full 0):
 garbage-first heap   total 260096K, used 2389K [0x0000000080000000, 0x0000000100000000)
  region size 1024K, 3 young (3072K), 3 survivors (3072K)
 Metaspace       used 8111K, committed 8256K, reserved 491520K
  class space    used 749K, committed 832K, reserved 425984K
}
Event: 2.268 GC heap before
{Heap before GC invocations=1 (full 0):
 garbage-first heap   total 260096K, used 41301K [0x0000000080000000, 0x0000000100000000)
  region size 1024K, 39 young (39936K), 3 survivors (3072K)
 Metaspace       used 12396K, committed 12608K, reserved 491520K
  class space    used 1353K, committed 1472K, reserved 425984K
}
Event: 2.272 GC heap after
{Heap after GC invocations=2 (full 0):
 garbage-first heap   total 260096K, used 10757K [0x0000000080000000, 0x0000000100000000)
  region size 1024K, 5 young (5120K), 5 survivors (5120K)
 Metaspace       used 12396K, committed 12608K, reserved 491520K
  class space    used 1353K, committed 1472K, reserved 425984K
}
Event: 4.533 GC heap before
{Heap before GC invocations=2 (full 0):
 garbage-first heap   total 260096K, used 60933K [0x0000000080000000, 0x0000000100000000)
  region size 1024K, 53 young (54272K), 5 survivors (5120K)
 Metaspace       used 15602K, committed 15872K, reserved 491520K
  class space    used 1795K, committed 1920K, reserved 425984K
}
Event: 4.539 GC heap after
{Heap after GC invocations=3 (full 0):
 garbage-first heap   total 260096K, used 18128K [0x0000000080000000, 0x0000000100000000)
  region size 1024K, 6 young (6144K), 6 survivors (6144K)
 Metaspace       used 15602K, committed 15872K, reserved 491520K
  class space    used 1795K, committed 1920K, reserved 425984K
}
Event: 5.707 GC heap before
{Heap before GC invocations=3 (full 0):
 garbage-first heap   total 260096K, used 39632K [0x0000000080000000, 0x0000000100000000)
  region size 1024K, 28 young (28672K), 6 survivors (6144K)
 Metaspace       used 21225K, committed 21504K, reserved 491520K
  class space    used 2549K, committed 2688K, reserved 425984K
}
Event: 5.712 GC heap after
{Heap after GC invocations=4 (full 0):
 garbage-first heap   total 260096K, used 20880K [0x0000000080000000, 0x0000000100000000)
  region size 1024K, 9 young (9216K), 9 survivors (9216K)
 Metaspace       used 21225K, committed 21504K, reserved 491520K
  class space    used 2549K, committed 2688K, reserved 425984K
}
Event: 6.804 GC heap before
{Heap before GC invocations=5 (full 0):
 garbage-first heap   total 71680K, used 54672K [0x0000000080000000, 0x0000000100000000)
  region size 1024K, 42 young (43008K), 9 survivors (9216K)
 Metaspace       used 27220K, committed 27648K, reserved 491520K
  class space    used 3467K, committed 3648K, reserved 425984K
}
Event: 6.811 GC heap after
{Heap after GC invocations=6 (full 0):
 garbage-first heap   total 71680K, used 22045K [0x0000000080000000, 0x0000000100000000)
  region size 1024K, 4 young (4096K), 4 survivors (4096K)
 Metaspace       used 27220K, committed 27648K, reserved 491520K
  class space    used 3467K, committed 3648K, reserved 425984K
}
Event: 8.017 GC heap before
{Heap before GC invocations=6 (full 0):
 garbage-first heap   total 71680K, used 55837K [0x0000000080000000, 0x0000000100000000)
  region size 1024K, 38 young (38912K), 4 survivors (4096K)
 Metaspace       used 31772K, committed 32448K, reserved 491520K
  class space    used 4289K, committed 4608K, reserved 425984K
}
Event: 8.022 GC heap after
{Heap after GC invocations=7 (full 0):
 garbage-first heap   total 71680K, used 24630K [0x0000000080000000, 0x0000000100000000)
  region size 1024K, 5 young (5120K), 5 survivors (5120K)
 Metaspace       used 31772K, committed 32448K, reserved 491520K
  class space    used 4289K, committed 4608K, reserved 425984K
}
Event: 8.595 GC heap before
{Heap before GC invocations=7 (full 0):
 garbage-first heap   total 71680K, used 47158K [0x0000000080000000, 0x0000000100000000)
  region size 1024K, 28 young (28672K), 5 survivors (5120K)
 Metaspace       used 35171K, committed 35968K, reserved 491520K
  class space    used 4849K, committed 5184K, reserved 425984K
}
Event: 8.600 GC heap after
{Heap after GC invocations=8 (full 0):
 garbage-first heap   total 71680K, used 25622K [0x0000000080000000, 0x0000000100000000)
  region size 1024K, 2 young (2048K), 2 survivors (2048K)
 Metaspace       used 35171K, committed 35968K, reserved 491520K
  class space    used 4849K, committed 5184K, reserved 425984K
}
Event: 9.483 GC heap before
{Heap before GC invocations=9 (full 0):
 garbage-first heap   total 71680K, used 58390K [0x0000000080000000, 0x0000000100000000)
  region size 1024K, 35 young (35840K), 2 survivors (2048K)
 Metaspace       used 42358K, committed 43264K, reserved 491520K
  class space    used 5716K, committed 6144K, reserved 425984K
}
Event: 9.486 GC heap after
{Heap after GC invocations=10 (full 0):
 garbage-first heap   total 71680K, used 29177K [0x0000000080000000, 0x0000000100000000)
  region size 1024K, 5 young (5120K), 5 survivors (5120K)
 Metaspace       used 42358K, committed 43264K, reserved 491520K
  class space    used 5716K, committed 6144K, reserved 425984K
}

