# JRE version: OpenJDK Runtime Environment (21.0.8) (build 21.0.8+-14196175-b1038.72)
# Java VM: OpenJDK 64-Bit Server VM (21.0.8+-14196175-b1038.72, mixed mode, tiered, compressed oops, compressed class ptrs, g1 gc, windows-amd64)
GC Precious Log:
 CardTable entry size: 512
 Card Set container configuration: InlinePtr #cards 5 size 8 Array Of Cards #cards 12 size 40 Howl #buckets 4 coarsen threshold 1843 Howl Bitmap #cards 512 size 80 coarsen threshold 460 Card regions per heap region 1 cards per card region 2048
 CPUs: 8 total, 8 available
 Memory: 16163M
 Large Page Support: Disabled
 NUMA Support: Disabled
 Compressed Oops: Enabled (32-bit)
 Heap Region Size: 1M
 Heap Min Capacity: 8M
 Heap Initial Capacity: 254M
 Heap Max Capacity: 2G
 Pre-touch: Disabled
 Parallel Workers: 8
 Concurrent Workers: 2
 Concurrent Refinement Workers: 8
 Periodic GC: Disabled
Heap:
 garbage-first heap   total 117760K, used 72942K [0x0000000080000000, 0x0000000100000000)
  region size 1024K, 4 young (4096K), 4 survivors (4096K)
 Metaspace       used 85434K, committed 87360K, reserved 557056K
  class space    used 12316K, committed 13248K, reserved 425984K
GC Heap History (20 events):
Event: 16.865 GC heap after
{Heap after GC invocations=25 (full 0):
 garbage-first heap   total 91136K, used 53253K [0x0000000080000000, 0x0000000100000000)
  region size 1024K, 1 young (1024K), 1 survivors (1024K)
 Metaspace       used 69204K, committed 70912K, reserved 491520K
  class space    used 9902K, committed 10752K, reserved 425984K
}
Event: 17.437 GC heap before
{Heap before GC invocations=25 (full 0):
 garbage-first heap   total 91136K, used 82949K [0x0000000080000000, 0x0000000100000000)
  region size 1024K, 31 young (31744K), 1 survivors (1024K)
 Metaspace       used 72815K, committed 74560K, reserved 491520K
  class space    used 10421K, committed 11264K, reserved 425984K
}
Event: 17.440 GC heap after
{Heap after GC invocations=26 (full 0):
 garbage-first heap   total 91136K, used 54282K [0x0000000080000000, 0x0000000100000000)
  region size 1024K, 3 young (3072K), 3 survivors (3072K)
 Metaspace       used 72815K, committed 74560K, reserved 491520K
  class space    used 10421K, committed 11264K, reserved 425984K
}
Event: 17.842 GC heap before
{Heap before GC invocations=26 (full 0):
 garbage-first heap   total 91136K, used 81930K [0x0000000080000000, 0x0000000100000000)
  region size 1024K, 30 young (30720K), 3 survivors (3072K)
 Metaspace       used 74915K, committed 76672K, reserved 491520K
  class space    used 10704K, committed 11584K, reserved 425984K
}
Event: 17.846 GC heap after
{Heap after GC invocations=27 (full 0):
 garbage-first heap   total 91136K, used 55626K [0x0000000080000000, 0x0000000100000000)
  region size 1024K, 4 young (4096K), 4 survivors (4096K)
 Metaspace       used 74915K, committed 76672K, reserved 491520K
  class space    used 10704K, committed 11584K, reserved 425984K
}
Event: 18.229 GC heap before
{Heap before GC invocations=28 (full 0):
 garbage-first heap   total 94208K, used 83274K [0x0000000080000000, 0x0000000100000000)
  region size 1024K, 28 young (28672K), 4 survivors (4096K)
 Metaspace       used 76513K, committed 78272K, reserved 557056K
  class space    used 10951K, committed 11776K, reserved 425984K
}
Event: 18.233 GC heap after
{Heap after GC invocations=29 (full 0):
 garbage-first heap   total 94208K, used 59799K [0x0000000080000000, 0x0000000100000000)
  region size 1024K, 3 young (3072K), 3 survivors (3072K)
 Metaspace       used 76513K, committed 78272K, reserved 557056K
  class space    used 10951K, committed 11776K, reserved 425984K
}
Event: 18.637 GC heap before
{Heap before GC invocations=29 (full 0):
 garbage-first heap   total 94208K, used 83351K [0x0000000080000000, 0x0000000100000000)
  region size 1024K, 27 young (27648K), 3 survivors (3072K)
 Metaspace       used 78205K, committed 79936K, reserved 557056K
  class space    used 11209K, committed 12032K, reserved 425984K
}
Event: 18.641 GC heap after
{Heap after GC invocations=30 (full 0):
 garbage-first heap   total 94208K, used 60571K [0x0000000080000000, 0x0000000100000000)
  region size 1024K, 3 young (3072K), 3 survivors (3072K)
 Metaspace       used 78205K, committed 79936K, reserved 557056K
  class space    used 11209K, committed 12032K, reserved 425984K
}
Event: 19.275 GC heap before
{Heap before GC invocations=30 (full 0):
 garbage-first heap   total 94208K, used 82075K [0x0000000080000000, 0x0000000100000000)
  region size 1024K, 25 young (25600K), 3 survivors (3072K)
 Metaspace       used 79483K, committed 81280K, reserved 557056K
  class space    used 11379K, committed 12224K, reserved 425984K
}
Event: 19.279 GC heap after
{Heap after GC invocations=31 (full 0):
 garbage-first heap   total 94208K, used 62470K [0x0000000080000000, 0x0000000100000000)
  region size 1024K, 4 young (4096K), 4 survivors (4096K)
 Metaspace       used 79483K, committed 81280K, reserved 557056K
  class space    used 11379K, committed 12224K, reserved 425984K
}
Event: 19.690 GC heap before
{Heap before GC invocations=32 (full 0):
 garbage-first heap   total 106496K, used 82950K [0x0000000080000000, 0x0000000100000000)
  region size 1024K, 24 young (24576K), 4 survivors (4096K)
 Metaspace       used 81019K, committed 82816K, reserved 557056K
  class space    used 11605K, committed 12480K, reserved 425984K
}
Event: 19.696 GC heap after
{Heap after GC invocations=33 (full 0):
 garbage-first heap   total 106496K, used 63573K [0x0000000080000000, 0x0000000100000000)
  region size 1024K, 2 young (2048K), 2 survivors (2048K)
 Metaspace       used 81019K, committed 82816K, reserved 557056K
  class space    used 11605K, committed 12480K, reserved 425984K
}
Event: 20.423 GC heap before
{Heap before GC invocations=33 (full 0):
 garbage-first heap   total 106496K, used 96341K [0x0000000080000000, 0x0000000100000000)
  region size 1024K, 35 young (35840K), 2 survivors (2048K)
 Metaspace       used 83948K, committed 85888K, reserved 557056K
  class space    used 12150K, committed 13120K, reserved 425984K
}
Event: 20.430 GC heap after
{Heap after GC invocations=34 (full 0):
 garbage-first heap   total 106496K, used 66525K [0x0000000080000000, 0x0000000100000000)
  region size 1024K, 5 young (5120K), 5 survivors (5120K)
 Metaspace       used 83948K, committed 85888K, reserved 557056K
  class space    used 12150K, committed 13120K, reserved 425984K
}
Event: 21.159 GC heap before
{Heap before GC invocations=34 (full 0):
 garbage-first heap   total 106496K, used 93149K [0x0000000080000000, 0x0000000100000000)
  region size 1024K, 32 young (32768K), 5 survivors (5120K)
 Metaspace       used 85097K, committed 87040K, reserved 557056K
  class space    used 12303K, committed 13248K, reserved 425984K
}
Event: 21.166 GC heap after
{Heap after GC invocations=35 (full 0):
 garbage-first heap   total 106496K, used 69785K [0x0000000080000000, 0x0000000100000000)
  region size 1024K, 4 young (4096K), 4 survivors (4096K)
 Metaspace       used 85097K, committed 87040K, reserved 557056K
  class space    used 12303K, committed 13248K, reserved 425984K
}
Event: 21.684 GC heap before
{Heap before GC invocations=36 (full 0):
 garbage-first heap   total 117760K, used 93337K [0x0000000080000000, 0x0000000100000000)
  region size 1024K, 28 young (28672K), 4 survivors (4096K)
 Metaspace       used 85340K, committed 87232K, reserved 557056K
  class space    used 12314K, committed 13248K, reserved 425984K
}
Event: 21.690 GC heap after
{Heap after GC invocations=37 (full 0):
 garbage-first heap   total 117760K, used 71376K [0x0000000080000000, 0x0000000100000000)
  region size 1024K, 2 young (2048K), 2 survivors (2048K)
 Metaspace       used 85340K, committed 87232K, reserved 557056K
  class space    used 12314K, committed 13248K, reserved 425984K
}
Event: 26.048 GC heap before
{Heap before GC invocations=37 (full 0):
 garbage-first heap   total 117760K, used 107216K [0x0000000080000000, 0x0000000100000000)
  region size 1024K, 38 young (38912K), 2 survivors (2048K)
 Metaspace       used 85434K, committed 87360K, reserved 557056K
  class space    used 12316K, committed 13248K, reserved 425984K
}

