# JRE version: Java(TM) SE Runtime Environment (17.0.12+8) (build 17.0.12+8-LTS-286)
# Java VM: Java HotSpot(TM) 64-Bit Server VM (17.0.12+8-LTS-286, mixed mode, sharing, tiered, compressed oops, compressed class ptrs, g1 gc, windows-amd64)
GC Precious Log:
 CPUs: 8 total, 8 available
 Memory: 16163M
 Large Page Support: Disabled
 NUMA Support: Disabled
 Compressed Oops: Enabled (32-bit)
 Heap Region Size: 1M
 Heap Min Capacity: 8M
 Heap Initial Capacity: 254M
 Heap Max Capacity: 2G
 Pre-touch: Disabled
 Parallel Workers: 8
 Concurrent Workers: 2
 Concurrent Refinement Workers: 8
 Periodic GC: Disabled
Heap:
 garbage-first heap   total 243712K, used 171090K [0x0000000080000000, 0x0000000100000000)
  region size 1024K, 50 young (51200K), 5 survivors (5120K)
 Metaspace       used 101410K, committed 102336K, reserved 557056K
  class space    used 14104K, committed 14528K, reserved 425984K
GC Heap History (20 events):
Event: 26.282 GC heap before
{Heap before GC invocations=35 (full 0):
 garbage-first heap   total 135168K, used 109249K [0x0000000080000000, 0x0000000100000000)
  region size 1024K, 37 young (37888K), 1 survivors (1024K)
 Metaspace       used 69242K, committed 69888K, reserved 491520K
  class space    used 9849K, committed 10176K, reserved 425984K
}
Event: 26.285 GC heap after
{Heap after GC invocations=36 (full 0):
 garbage-first heap   total 135168K, used 74442K [0x0000000080000000, 0x0000000100000000)
  region size 1024K, 2 young (2048K), 2 survivors (2048K)
 Metaspace       used 69242K, committed 69888K, reserved 491520K
  class space    used 9849K, committed 10176K, reserved 425984K
}
Event: 26.665 GC heap before
{Heap before GC invocations=37 (full 0):
 garbage-first heap   total 142336K, used 110282K [0x0000000080000000, 0x0000000100000000)
  region size 1024K, 38 young (38912K), 2 survivors (2048K)
 Metaspace       used 69269K, committed 69952K, reserved 491520K
  class space    used 9851K, committed 10176K, reserved 425984K
}
Event: 26.671 GC heap after
{Heap after GC invocations=38 (full 0):
 garbage-first heap   total 142336K, used 76051K [0x0000000080000000, 0x0000000100000000)
  region size 1024K, 4 young (4096K), 4 survivors (4096K)
 Metaspace       used 69269K, committed 69952K, reserved 491520K
  class space    used 9851K, committed 10176K, reserved 425984K
}
Event: 26.713 GC heap before
{Heap before GC invocations=38 (full 0):
 garbage-first heap   total 142336K, used 78099K [0x0000000080000000, 0x0000000100000000)
  region size 1024K, 6 young (6144K), 4 survivors (4096K)
 Metaspace       used 69272K, committed 69952K, reserved 491520K
  class space    used 9851K, committed 10176K, reserved 425984K
}
Event: 26.720 GC heap after
{Heap after GC invocations=39 (full 0):
 garbage-first heap   total 142336K, used 75613K [0x0000000080000000, 0x0000000100000000)
  region size 1024K, 1 young (1024K), 1 survivors (1024K)
 Metaspace       used 69272K, committed 69952K, reserved 491520K
  class space    used 9851K, committed 10176K, reserved 425984K
}
Event: 27.291 GC heap before
{Heap before GC invocations=39 (full 0):
 garbage-first heap   total 142336K, used 83805K [0x0000000080000000, 0x0000000100000000)
  region size 1024K, 10 young (10240K), 1 survivors (1024K)
 Metaspace       used 70051K, committed 70784K, reserved 491520K
  class space    used 9946K, committed 10304K, reserved 425984K
}
Event: 27.294 GC heap after
{Heap after GC invocations=40 (full 0):
 garbage-first heap   total 243712K, used 76216K [0x0000000080000000, 0x0000000100000000)
  region size 1024K, 2 young (2048K), 2 survivors (2048K)
 Metaspace       used 70051K, committed 70784K, reserved 491520K
  class space    used 9946K, committed 10304K, reserved 425984K
}
Event: 30.663 GC heap before
{Heap before GC invocations=40 (full 0):
 garbage-first heap   total 243712K, used 210360K [0x0000000080000000, 0x0000000100000000)
  region size 1024K, 117 young (119808K), 2 survivors (2048K)
 Metaspace       used 78039K, committed 78848K, reserved 557056K
  class space    used 10880K, committed 11264K, reserved 425984K
}
Event: 30.672 GC heap after
{Heap after GC invocations=41 (full 0):
 garbage-first heap   total 243712K, used 101097K [0x0000000080000000, 0x0000000100000000)
  region size 1024K, 15 young (15360K), 15 survivors (15360K)
 Metaspace       used 78039K, committed 78848K, reserved 557056K
  class space    used 10880K, committed 11264K, reserved 425984K
}
Event: 32.984 GC heap before
{Heap before GC invocations=41 (full 0):
 garbage-first heap   total 243712K, used 197353K [0x0000000080000000, 0x0000000100000000)
  region size 1024K, 109 young (111616K), 15 survivors (15360K)
 Metaspace       used 85119K, committed 85888K, reserved 557056K
  class space    used 11838K, committed 12224K, reserved 425984K
}
Event: 32.996 GC heap after
{Heap after GC invocations=42 (full 0):
 garbage-first heap   total 243712K, used 105659K [0x0000000080000000, 0x0000000100000000)
  region size 1024K, 5 young (5120K), 5 survivors (5120K)
 Metaspace       used 85119K, committed 85888K, reserved 557056K
  class space    used 11838K, committed 12224K, reserved 425984K
}
Event: 35.058 GC heap before
{Heap before GC invocations=42 (full 0):
 garbage-first heap   total 243712K, used 200891K [0x0000000080000000, 0x0000000100000000)
  region size 1024K, 97 young (99328K), 5 survivors (5120K)
 Metaspace       used 89714K, committed 90560K, reserved 557056K
  class space    used 12451K, committed 12864K, reserved 425984K
}
Event: 35.071 GC heap after
{Heap after GC invocations=43 (full 0):
 garbage-first heap   total 243712K, used 110643K [0x0000000080000000, 0x0000000100000000)
  region size 1024K, 10 young (10240K), 10 survivors (10240K)
 Metaspace       used 89714K, committed 90560K, reserved 557056K
  class space    used 12451K, committed 12864K, reserved 425984K
}
Event: 38.117 GC heap before
{Heap before GC invocations=43 (full 0):
 garbage-first heap   total 243712K, used 200755K [0x0000000080000000, 0x0000000100000000)
  region size 1024K, 98 young (100352K), 10 survivors (10240K)
 Metaspace       used 96101K, committed 96960K, reserved 557056K
  class space    used 13457K, committed 13888K, reserved 425984K
}
Event: 38.130 GC heap after
{Heap after GC invocations=44 (full 0):
 garbage-first heap   total 243712K, used 113577K [0x0000000080000000, 0x0000000100000000)
  region size 1024K, 9 young (9216K), 9 survivors (9216K)
 Metaspace       used 96101K, committed 96960K, reserved 557056K
  class space    used 13457K, committed 13888K, reserved 425984K
}
Event: 40.179 GC heap before
{Heap before GC invocations=44 (full 0):
 garbage-first heap   total 243712K, used 201641K [0x0000000080000000, 0x0000000100000000)
  region size 1024K, 95 young (97280K), 9 survivors (9216K)
 Metaspace       used 98829K, committed 99712K, reserved 557056K
  class space    used 13793K, committed 14208K, reserved 425984K
}
Event: 40.191 GC heap after
{Heap after GC invocations=45 (full 0):
 garbage-first heap   total 243712K, used 122023K [0x0000000080000000, 0x0000000100000000)
  region size 1024K, 12 young (12288K), 12 survivors (12288K)
 Metaspace       used 98829K, committed 99712K, reserved 557056K
  class space    used 13793K, committed 14208K, reserved 425984K
}
Event: 40.849 GC heap before
{Heap before GC invocations=45 (full 0):
 garbage-first heap   total 243712K, used 198823K [0x0000000080000000, 0x0000000100000000)
  region size 1024K, 88 young (90112K), 12 survivors (12288K)
 Metaspace       used 100654K, committed 101568K, reserved 557056K
  class space    used 14006K, committed 14464K, reserved 425984K
}
Event: 40.859 GC heap after
{Heap after GC invocations=46 (full 0):
 garbage-first heap   total 243712K, used 122962K [0x0000000080000000, 0x0000000100000000)
  region size 1024K, 5 young (5120K), 5 survivors (5120K)
 Metaspace       used 100654K, committed 101568K, reserved 557056K
  class space    used 14006K, committed 14464K, reserved 425984K
}

