# JRE version: OpenJDK Runtime Environment (21.0.8) (build 21.0.8+-14196175-b1038.72)
# Java VM: OpenJDK 64-Bit Server VM (21.0.8+-14196175-b1038.72, mixed mode, tiered, compressed oops, compressed class ptrs, g1 gc, windows-amd64)
GC Precious Log:
 CardTable entry size: 512
 Card Set container configuration: InlinePtr #cards 5 size 8 Array Of Cards #cards 12 size 40 Howl #buckets 4 coarsen threshold 1843 Howl Bitmap #cards 512 size 80 coarsen threshold 460 Card regions per heap region 1 cards per card region 2048
 CPUs: 8 total, 8 available
 Memory: 16163M
 Large Page Support: Disabled
 NUMA Support: Disabled
 Compressed Oops: Enabled (32-bit)
 Heap Region Size: 1M
 Heap Min Capacity: 8M
 Heap Initial Capacity: 254M
 Heap Max Capacity: 2G
 Pre-touch: Disabled
 Parallel Workers: 8
 Concurrent Workers: 2
 Concurrent Refinement Workers: 8
 Periodic GC: Disabled
Heap:
 garbage-first heap   total 267264K, used 162737K [0x0000000080000000, 0x0000000100000000)
  region size 1024K, 2 young (2048K), 2 survivors (2048K)
 Metaspace       used 123149K, committed 125568K, reserved 557056K
  class space    used 17469K, committed 18624K, reserved 425984K
GC Heap History (20 events):
Event: 16.767 GC heap after
{Heap after GC invocations=44 (full 0):
 garbage-first heap   total 183296K, used 113631K [0x0000000080000000, 0x0000000100000000)
  region size 1024K, 8 young (8192K), 8 survivors (8192K)
 Metaspace       used 104230K, committed 106304K, reserved 557056K
  class space    used 14771K, committed 15744K, reserved 425984K
}
Event: 17.318 GC heap before
{Heap before GC invocations=44 (full 0):
 garbage-first heap   total 183296K, used 164831K [0x0000000080000000, 0x0000000100000000)
  region size 1024K, 58 young (59392K), 8 survivors (8192K)
 Metaspace       used 107056K, committed 109184K, reserved 557056K
  class space    used 15182K, committed 16192K, reserved 425984K
}
Event: 17.325 GC heap after
{Heap after GC invocations=45 (full 0):
 garbage-first heap   total 220160K, used 117120K [0x0000000080000000, 0x0000000100000000)
  region size 1024K, 4 young (4096K), 4 survivors (4096K)
 Metaspace       used 107056K, committed 109184K, reserved 557056K
  class space    used 15182K, committed 16192K, reserved 425984K
}
Event: 18.132 GC heap before
{Heap before GC invocations=46 (full 0):
 garbage-first heap   total 220160K, used 191872K [0x0000000080000000, 0x0000000100000000)
  region size 1024K, 77 young (78848K), 4 survivors (4096K)
 Metaspace       used 113147K, committed 115328K, reserved 557056K
  class space    used 16190K, committed 17280K, reserved 425984K
}
Event: 18.137 GC heap after
{Heap after GC invocations=47 (full 0):
 garbage-first heap   total 220160K, used 120047K [0x0000000080000000, 0x0000000100000000)
  region size 1024K, 7 young (7168K), 7 survivors (7168K)
 Metaspace       used 113147K, committed 115328K, reserved 557056K
  class space    used 16190K, committed 17280K, reserved 425984K
}
Event: 18.965 GC heap before
{Heap before GC invocations=47 (full 0):
 garbage-first heap   total 220160K, used 204015K [0x0000000080000000, 0x0000000100000000)
  region size 1024K, 85 young (87040K), 7 survivors (7168K)
 Metaspace       used 118425K, committed 120640K, reserved 557056K
  class space    used 16820K, committed 17920K, reserved 425984K
}
Event: 18.973 GC heap after
{Heap after GC invocations=48 (full 0):
 garbage-first heap   total 220160K, used 121993K [0x0000000080000000, 0x0000000100000000)
  region size 1024K, 8 young (8192K), 8 survivors (8192K)
 Metaspace       used 118425K, committed 120640K, reserved 557056K
  class space    used 16820K, committed 17920K, reserved 425984K
}
Event: 19.305 GC heap before
{Heap before GC invocations=48 (full 0):
 garbage-first heap   total 220160K, used 197769K [0x0000000080000000, 0x0000000100000000)
  region size 1024K, 83 young (84992K), 8 survivors (8192K)
 Metaspace       used 118565K, committed 120768K, reserved 557056K
  class space    used 16821K, committed 17920K, reserved 425984K
}
Event: 19.315 GC heap after
{Heap after GC invocations=49 (full 0):
 garbage-first heap   total 220160K, used 127667K [0x0000000080000000, 0x0000000100000000)
  region size 1024K, 10 young (10240K), 10 survivors (10240K)
 Metaspace       used 118565K, committed 120768K, reserved 557056K
  class space    used 16821K, committed 17920K, reserved 425984K
}
Event: 19.849 GC heap before
{Heap before GC invocations=50 (full 0):
 garbage-first heap   total 220160K, used 200371K [0x0000000080000000, 0x0000000100000000)
  region size 1024K, 78 young (79872K), 10 survivors (10240K)
 Metaspace       used 120317K, committed 122560K, reserved 557056K
  class space    used 17072K, committed 18176K, reserved 425984K
}
Event: 19.857 GC heap after
{Heap after GC invocations=51 (full 0):
 garbage-first heap   total 220160K, used 136339K [0x0000000080000000, 0x0000000100000000)
  region size 1024K, 10 young (10240K), 10 survivors (10240K)
 Metaspace       used 120317K, committed 122560K, reserved 557056K
  class space    used 17072K, committed 18176K, reserved 425984K
}
Event: 20.405 GC heap before
{Heap before GC invocations=51 (full 0):
 garbage-first heap   total 220160K, used 196755K [0x0000000080000000, 0x0000000100000000)
  region size 1024K, 69 young (70656K), 10 survivors (10240K)
 Metaspace       used 122333K, committed 124608K, reserved 557056K
  class space    used 17396K, committed 18496K, reserved 425984K
}
Event: 20.416 GC heap after
{Heap after GC invocations=52 (full 0):
 garbage-first heap   total 220160K, used 141802K [0x0000000080000000, 0x0000000100000000)
  region size 1024K, 8 young (8192K), 8 survivors (8192K)
 Metaspace       used 122333K, committed 124608K, reserved 557056K
  class space    used 17396K, committed 18496K, reserved 425984K
}
Event: 21.023 GC heap before
{Heap before GC invocations=52 (full 0):
 garbage-first heap   total 220160K, used 198122K [0x0000000080000000, 0x0000000100000000)
  region size 1024K, 63 young (64512K), 8 survivors (8192K)
 Metaspace       used 123086K, committed 125504K, reserved 557056K
  class space    used 17463K, committed 18624K, reserved 425984K
}
Event: 21.035 GC heap after
{Heap after GC invocations=53 (full 0):
 garbage-first heap   total 220160K, used 151753K [0x0000000080000000, 0x0000000100000000)
  region size 1024K, 8 young (8192K), 8 survivors (8192K)
 Metaspace       used 123086K, committed 125504K, reserved 557056K
  class space    used 17463K, committed 18624K, reserved 425984K
}
Event: 21.271 GC heap before
{Heap before GC invocations=54 (full 0):
 garbage-first heap   total 254976K, used 196809K [0x0000000080000000, 0x0000000100000000)
  region size 1024K, 53 young (54272K), 8 survivors (8192K)
 Metaspace       used 123104K, committed 125504K, reserved 557056K
  class space    used 17463K, committed 18624K, reserved 425984K
}
Event: 21.278 GC heap after
{Heap after GC invocations=55 (full 0):
 garbage-first heap   total 254976K, used 155648K [0x0000000080000000, 0x0000000100000000)
  region size 1024K, 4 young (4096K), 4 survivors (4096K)
 Metaspace       used 123104K, committed 125504K, reserved 557056K
  class space    used 17463K, committed 18624K, reserved 425984K
}
Event: 21.598 GC heap before
{Heap before GC invocations=55 (full 0):
 garbage-first heap   total 254976K, used 231424K [0x0000000080000000, 0x0000000100000000)
  region size 1024K, 76 young (77824K), 4 survivors (4096K)
 Metaspace       used 123149K, committed 125568K, reserved 557056K
  class space    used 17469K, committed 18624K, reserved 425984K
}
Event: 21.605 GC heap after
{Heap after GC invocations=56 (full 0):
 garbage-first heap   total 254976K, used 160677K [0x0000000080000000, 0x0000000100000000)
  region size 1024K, 8 young (8192K), 8 survivors (8192K)
 Metaspace       used 123149K, committed 125568K, reserved 557056K
  class space    used 17469K, committed 18624K, reserved 425984K
}
Event: 21.629 GC heap before
{Heap before GC invocations=56 (full 0):
 garbage-first heap   total 254976K, used 160677K [0x0000000080000000, 0x0000000100000000)
  region size 1024K, 10 young (10240K), 8 survivors (8192K)
 Metaspace       used 123149K, committed 125568K, reserved 557056K
  class space    used 17469K, committed 18624K, reserved 425984K
}

