# JRE version: Java(TM) SE Runtime Environment (17.0.12+8) (build 17.0.12+8-LTS-286)
# Java VM: Java HotSpot(TM) 64-Bit Server VM (17.0.12+8-LTS-286, mixed mode, sharing, tiered, compressed oops, compressed class ptrs, g1 gc, windows-amd64)
GC Precious Log:
 CPUs: 8 total, 8 available
 Memory: 16163M
 Large Page Support: Disabled
 NUMA Support: Disabled
 Compressed Oops: Enabled (32-bit)
 Heap Region Size: 1M
 Heap Min Capacity: 8M
 Heap Initial Capacity: 254M
 Heap Max Capacity: 1536M
 Pre-touch: Disabled
 Parallel Workers: 8
 Concurrent Workers: 2
 Concurrent Refinement Workers: 8
 Periodic GC: Disabled
Heap:
 garbage-first heap   total 112640K, used 91630K [0x00000000a0000000, 0x0000000100000000)
  region size 1024K, 30 young (30720K), 3 survivors (3072K)
 Metaspace       used 67056K, committed 67776K, reserved 491520K
  class space    used 9585K, committed 9920K, reserved 425984K
GC Heap History (20 events):
Event: 12.801 GC heap before
{Heap before GC invocations=17 (full 0):
 garbage-first heap   total 86016K, used 67832K [0x00000000a0000000, 0x0000000100000000)
  region size 1024K, 25 young (25600K), 2 survivors (2048K)
 Metaspace       used 51075K, committed 51648K, reserved 491520K
  class space    used 7309K, committed 7552K, reserved 425984K
}
Event: 12.805 GC heap after
{Heap after GC invocations=18 (full 0):
 garbage-first heap   total 86016K, used 46203K [0x00000000a0000000, 0x0000000100000000)
  region size 1024K, 3 young (3072K), 3 survivors (3072K)
 Metaspace       used 51075K, committed 51648K, reserved 491520K
  class space    used 7309K, committed 7552K, reserved 425984K
}
Event: 12.911 GC heap before
{Heap before GC invocations=19 (full 0):
 garbage-first heap   total 87040K, used 51323K [0x00000000a0000000, 0x0000000100000000)
  region size 1024K, 5 young (5120K), 3 survivors (3072K)
 Metaspace       used 51116K, committed 51712K, reserved 491520K
  class space    used 7313K, committed 7552K, reserved 425984K
}
Event: 12.913 GC heap after
{Heap after GC invocations=20 (full 0):
 garbage-first heap   total 87040K, used 51022K [0x00000000a0000000, 0x0000000100000000)
  region size 1024K, 2 young (2048K), 2 survivors (2048K)
 Metaspace       used 51116K, committed 51712K, reserved 491520K
  class space    used 7313K, committed 7552K, reserved 425984K
}
Event: 13.293 GC heap before
{Heap before GC invocations=21 (full 0):
 garbage-first heap   total 96256K, used 70478K [0x00000000a0000000, 0x0000000100000000)
  region size 1024K, 18 young (18432K), 2 survivors (2048K)
 Metaspace       used 52698K, committed 53312K, reserved 491520K
  class space    used 7529K, committed 7808K, reserved 425984K
}
Event: 13.298 GC heap after
{Heap after GC invocations=22 (full 0):
 garbage-first heap   total 96256K, used 55075K [0x00000000a0000000, 0x0000000100000000)
  region size 1024K, 2 young (2048K), 2 survivors (2048K)
 Metaspace       used 52698K, committed 53312K, reserved 491520K
  class space    used 7529K, committed 7808K, reserved 425984K
}
Event: 13.613 GC heap before
{Heap before GC invocations=22 (full 0):
 garbage-first heap   total 96256K, used 74531K [0x00000000a0000000, 0x0000000100000000)
  region size 1024K, 21 young (21504K), 2 survivors (2048K)
 Metaspace       used 54795K, committed 55360K, reserved 491520K
  class space    used 7807K, committed 8064K, reserved 425984K
}
Event: 13.616 GC heap after
{Heap after GC invocations=23 (full 0):
 garbage-first heap   total 96256K, used 55385K [0x00000000a0000000, 0x0000000100000000)
  region size 1024K, 2 young (2048K), 2 survivors (2048K)
 Metaspace       used 54795K, committed 55360K, reserved 491520K
  class space    used 7807K, committed 8064K, reserved 425984K
}
Event: 14.090 GC heap before
{Heap before GC invocations=24 (full 0):
 garbage-first heap   total 97280K, used 75865K [0x00000000a0000000, 0x0000000100000000)
  region size 1024K, 22 young (22528K), 2 survivors (2048K)
 Metaspace       used 57282K, committed 57920K, reserved 491520K
  class space    used 8157K, committed 8448K, reserved 425984K
}
Event: 14.093 GC heap after
{Heap after GC invocations=25 (full 0):
 garbage-first heap   total 97280K, used 56134K [0x00000000a0000000, 0x0000000100000000)
  region size 1024K, 3 young (3072K), 3 survivors (3072K)
 Metaspace       used 57282K, committed 57920K, reserved 491520K
  class space    used 8157K, committed 8448K, reserved 425984K
}
Event: 14.645 GC heap before
{Heap before GC invocations=25 (full 0):
 garbage-first heap   total 97280K, used 77638K [0x00000000a0000000, 0x0000000100000000)
  region size 1024K, 24 young (24576K), 3 survivors (3072K)
 Metaspace       used 58833K, committed 59520K, reserved 491520K
  class space    used 8373K, committed 8704K, reserved 425984K
}
Event: 14.651 GC heap after
{Heap after GC invocations=26 (full 0):
 garbage-first heap   total 97280K, used 57435K [0x00000000a0000000, 0x0000000100000000)
  region size 1024K, 3 young (3072K), 3 survivors (3072K)
 Metaspace       used 58833K, committed 59520K, reserved 491520K
  class space    used 8373K, committed 8704K, reserved 425984K
}
Event: 14.994 GC heap before
{Heap before GC invocations=27 (full 0):
 garbage-first heap   total 104448K, used 76891K [0x00000000a0000000, 0x0000000100000000)
  region size 1024K, 23 young (23552K), 3 survivors (3072K)
 Metaspace       used 60107K, committed 60800K, reserved 491520K
  class space    used 8543K, committed 8896K, reserved 425984K
}
Event: 15.000 GC heap after
{Heap after GC invocations=28 (full 0):
 garbage-first heap   total 104448K, used 57903K [0x00000000a0000000, 0x0000000100000000)
  region size 1024K, 2 young (2048K), 2 survivors (2048K)
 Metaspace       used 60107K, committed 60800K, reserved 491520K
  class space    used 8543K, committed 8896K, reserved 425984K
}
Event: 15.595 GC heap before
{Heap before GC invocations=29 (full 0):
 garbage-first heap   total 107520K, used 88623K [0x00000000a0000000, 0x0000000100000000)
  region size 1024K, 29 young (29696K), 2 survivors (2048K)
 Metaspace       used 61735K, committed 62400K, reserved 491520K
  class space    used 8787K, committed 9088K, reserved 425984K
}
Event: 15.599 GC heap after
{Heap after GC invocations=30 (full 0):
 garbage-first heap   total 107520K, used 62255K [0x00000000a0000000, 0x0000000100000000)
  region size 1024K, 3 young (3072K), 3 survivors (3072K)
 Metaspace       used 61735K, committed 62400K, reserved 491520K
  class space    used 8787K, committed 9088K, reserved 425984K
}
Event: 16.285 GC heap before
{Heap before GC invocations=30 (full 0):
 garbage-first heap   total 107520K, used 87855K [0x00000000a0000000, 0x0000000100000000)
  region size 1024K, 29 young (29696K), 3 survivors (3072K)
 Metaspace       used 63179K, committed 63808K, reserved 491520K
  class space    used 8987K, committed 9280K, reserved 425984K
}
Event: 16.289 GC heap after
{Heap after GC invocations=31 (full 0):
 garbage-first heap   total 107520K, used 63754K [0x00000000a0000000, 0x0000000100000000)
  region size 1024K, 4 young (4096K), 4 survivors (4096K)
 Metaspace       used 63179K, committed 63808K, reserved 491520K
  class space    used 8987K, committed 9280K, reserved 425984K
}
Event: 16.833 GC heap before
{Heap before GC invocations=32 (full 0):
 garbage-first heap   total 112640K, used 88330K [0x00000000a0000000, 0x0000000100000000)
  region size 1024K, 28 young (28672K), 4 survivors (4096K)
 Metaspace       used 64811K, committed 65472K, reserved 491520K
  class space    used 9215K, committed 9536K, reserved 425984K
}
Event: 16.836 GC heap after
{Heap after GC invocations=33 (full 0):
 garbage-first heap   total 112640K, used 65006K [0x00000000a0000000, 0x0000000100000000)
  region size 1024K, 3 young (3072K), 3 survivors (3072K)
 Metaspace       used 64811K, committed 65472K, reserved 491520K
  class space    used 9215K, committed 9536K, reserved 425984K
}

