# JRE version: OpenJDK Runtime Environment (21.0.8) (build 21.0.8+-14196175-b1038.72)
# Java VM: OpenJDK 64-Bit Server VM (21.0.8+-14196175-b1038.72, mixed mode, tiered, compressed oops, compressed class ptrs, g1 gc, windows-amd64)
GC Precious Log:
 CardTable entry size: 512
 Card Set container configuration: InlinePtr #cards 5 size 8 Array Of Cards #cards 12 size 40 Howl #buckets 4 coarsen threshold 1843 Howl Bitmap #cards 512 size 80 coarsen threshold 460 Card regions per heap region 1 cards per card region 2048
 CPUs: 8 total, 8 available
 Memory: 16163M
 Large Page Support: Disabled
 NUMA Support: Disabled
 Compressed Oops: Enabled (32-bit)
 Heap Region Size: 1M
 Heap Min Capacity: 8M
 Heap Initial Capacity: 254M
 Heap Max Capacity: 2G
 Pre-touch: Disabled
 Parallel Workers: 8
 Concurrent Workers: 2
 Concurrent Refinement Workers: 8
 Periodic GC: Disabled
Heap:
 garbage-first heap   total 306176K, used 222253K [0x0000000080000000, 0x0000000100000000)
  region size 1024K, 20 young (20480K), 7 survivors (7168K)
 Metaspace       used 135715K, committed 138304K, reserved 557056K
  class space    used 19170K, committed 20416K, reserved 425984K
GC Heap History (20 events):
Event: 1020.028 GC heap before
{Heap before GC invocations=57 (full 0):
 garbage-first heap   total 237568K, used 159240K [0x0000000080000000, 0x0000000100000000)
  region size 1024K, 28 young (28672K), 8 survivors (8192K)
 Metaspace       used 126134K, committed 128512K, reserved 557056K
  class space    used 17832K, committed 19008K, reserved 425984K
}
Event: 1020.033 GC heap after
{Heap after GC invocations=58 (full 0):
 garbage-first heap   total 237568K, used 142161K [0x0000000080000000, 0x0000000100000000)
  region size 1024K, 6 young (6144K), 6 survivors (6144K)
 Metaspace       used 126134K, committed 128512K, reserved 557056K
  class space    used 17832K, committed 19008K, reserved 425984K
}
Event: 1021.104 GC heap before
{Heap before GC invocations=59 (full 0):
 garbage-first heap   total 245760K, used 215889K [0x0000000080000000, 0x0000000100000000)
  region size 1024K, 74 young (75776K), 6 survivors (6144K)
 Metaspace       used 128359K, committed 130752K, reserved 557056K
  class space    used 18175K, committed 19328K, reserved 425984K
}
Event: 1021.115 GC heap after
{Heap after GC invocations=60 (full 0):
 garbage-first heap   total 245760K, used 155576K [0x0000000080000000, 0x0000000100000000)
  region size 1024K, 10 young (10240K), 10 survivors (10240K)
 Metaspace       used 128359K, committed 130752K, reserved 557056K
  class space    used 18175K, committed 19328K, reserved 425984K
}
Event: 1022.018 GC heap before
{Heap before GC invocations=60 (full 0):
 garbage-first heap   total 245760K, used 220088K [0x0000000080000000, 0x0000000100000000)
  region size 1024K, 74 young (75776K), 10 survivors (10240K)
 Metaspace       used 128989K, committed 131456K, reserved 557056K
  class space    used 18237K, committed 19456K, reserved 425984K
}
Event: 1022.036 GC heap after
{Heap after GC invocations=61 (full 0):
 garbage-first heap   total 248832K, used 157929K [0x0000000080000000, 0x0000000100000000)
  region size 1024K, 10 young (10240K), 10 survivors (10240K)
 Metaspace       used 128989K, committed 131456K, reserved 557056K
  class space    used 18237K, committed 19456K, reserved 425984K
}
Event: 1022.307 GC heap before
{Heap before GC invocations=61 (full 0):
 garbage-first heap   total 248832K, used 220393K [0x0000000080000000, 0x0000000100000000)
  region size 1024K, 72 young (73728K), 10 survivors (10240K)
 Metaspace       used 128994K, committed 131520K, reserved 557056K
  class space    used 18237K, committed 19456K, reserved 425984K
}
Event: 1022.316 GC heap after
{Heap after GC invocations=62 (full 0):
 garbage-first heap   total 299008K, used 161046K [0x0000000080000000, 0x0000000100000000)
  region size 1024K, 4 young (4096K), 4 survivors (4096K)
 Metaspace       used 128994K, committed 131520K, reserved 557056K
  class space    used 18237K, committed 19456K, reserved 425984K
}
Event: 1023.354 GC heap before
{Heap before GC invocations=63 (full 0):
 garbage-first heap   total 299008K, used 259350K [0x0000000080000000, 0x0000000100000000)
  region size 1024K, 96 young (98304K), 4 survivors (4096K)
 Metaspace       used 129238K, committed 131712K, reserved 557056K
  class space    used 18276K, committed 19456K, reserved 425984K
}
Event: 1023.363 GC heap after
{Heap after GC invocations=64 (full 0):
 garbage-first heap   total 299008K, used 174080K [0x0000000080000000, 0x0000000100000000)
  region size 1024K, 12 young (12288K), 12 survivors (12288K)
 Metaspace       used 129238K, committed 131712K, reserved 557056K
  class space    used 18276K, committed 19456K, reserved 425984K
}
Event: 1024.103 GC heap before
{Heap before GC invocations=64 (full 0):
 garbage-first heap   total 299008K, used 265216K [0x0000000080000000, 0x0000000100000000)
  region size 1024K, 102 young (104448K), 12 survivors (12288K)
 Metaspace       used 129404K, committed 131904K, reserved 557056K
  class space    used 18294K, committed 19520K, reserved 425984K
}
Event: 1024.119 GC heap after
{Heap after GC invocations=65 (full 0):
 garbage-first heap   total 299008K, used 177446K [0x0000000080000000, 0x0000000100000000)
  region size 1024K, 8 young (8192K), 8 survivors (8192K)
 Metaspace       used 129404K, committed 131904K, reserved 557056K
  class space    used 18294K, committed 19520K, reserved 425984K
}
Event: 1024.469 GC heap before
{Heap before GC invocations=65 (full 0):
 garbage-first heap   total 299008K, used 266534K [0x0000000080000000, 0x0000000100000000)
  region size 1024K, 96 young (98304K), 8 survivors (8192K)
 Metaspace       used 129405K, committed 131904K, reserved 557056K
  class space    used 18294K, committed 19520K, reserved 425984K
}
Event: 1024.476 GC heap after
{Heap after GC invocations=66 (full 0):
 garbage-first heap   total 299008K, used 180625K [0x0000000080000000, 0x0000000100000000)
  region size 1024K, 6 young (6144K), 6 survivors (6144K)
 Metaspace       used 129405K, committed 131904K, reserved 557056K
  class space    used 18294K, committed 19520K, reserved 425984K
}
Event: 1025.287 GC heap before
{Heap before GC invocations=67 (full 0):
 garbage-first heap   total 304128K, used 274833K [0x0000000080000000, 0x0000000100000000)
  region size 1024K, 94 young (96256K), 6 survivors (6144K)
 Metaspace       used 129551K, committed 132032K, reserved 557056K
  class space    used 18309K, committed 19520K, reserved 425984K
}
Event: 1025.296 GC heap after
{Heap after GC invocations=68 (full 0):
 garbage-first heap   total 304128K, used 194233K [0x0000000080000000, 0x0000000100000000)
  region size 1024K, 12 young (12288K), 12 survivors (12288K)
 Metaspace       used 129551K, committed 132032K, reserved 557056K
  class space    used 18309K, committed 19520K, reserved 425984K
}
Event: 1025.913 GC heap before
{Heap before GC invocations=68 (full 0):
 garbage-first heap   total 304128K, used 279225K [0x0000000080000000, 0x0000000100000000)
  region size 1024K, 91 young (93184K), 12 survivors (12288K)
 Metaspace       used 129763K, committed 132288K, reserved 557056K
  class space    used 18337K, committed 19520K, reserved 425984K
}
Event: 1025.926 GC heap after
{Heap after GC invocations=69 (full 0):
 garbage-first heap   total 306176K, used 204170K [0x0000000080000000, 0x0000000100000000)
  region size 1024K, 10 young (10240K), 10 survivors (10240K)
 Metaspace       used 129763K, committed 132288K, reserved 557056K
  class space    used 18337K, committed 19520K, reserved 425984K
}
Event: 1027.213 GC heap before
{Heap before GC invocations=69 (full 0):
 garbage-first heap   total 306176K, used 276874K [0x0000000080000000, 0x0000000100000000)
  region size 1024K, 81 young (82944K), 10 survivors (10240K)
 Metaspace       used 135060K, committed 137664K, reserved 557056K
  class space    used 19094K, committed 20352K, reserved 425984K
}
Event: 1027.223 GC heap after
{Heap after GC invocations=70 (full 0):
 garbage-first heap   total 306176K, used 209965K [0x0000000080000000, 0x0000000100000000)
  region size 1024K, 7 young (7168K), 7 survivors (7168K)
 Metaspace       used 135060K, committed 137664K, reserved 557056K
  class space    used 19094K, committed 20352K, reserved 425984K
}

