# JRE version: Java(TM) SE Runtime Environment (17.0.12+8) (build 17.0.12+8-LTS-286)
# Java VM: Java HotSpot(TM) 64-Bit Server VM (17.0.12+8-LTS-286, mixed mode, sharing, tiered, compressed oops, compressed class ptrs, g1 gc, windows-amd64)
GC Precious Log:
 CPUs: 8 total, 8 available
 Memory: 16163M
 Large Page Support: Disabled
 NUMA Support: Disabled
 Compressed Oops: Enabled (32-bit)
 Heap Region Size: 1M
 Heap Min Capacity: 8M
 Heap Initial Capacity: 254M
 Heap Max Capacity: 2G
 Pre-touch: Disabled
 Parallel Workers: 8
 Concurrent Workers: 2
 Concurrent Refinement Workers: 8
 Periodic GC: Disabled
Heap:
 garbage-first heap   total 342016K, used 178140K [0x0000000080000000, 0x0000000100000000)
  region size 1024K, 13 young (13312K), 9 survivors (9216K)
 Metaspace       used 140745K, committed 141696K, reserved 557056K
  class space    used 18777K, committed 19200K, reserved 425984K
GC Heap History (20 events):
Event: 53.575 GC heap before
{Heap before GC invocations=49 (full 0):
 garbage-first heap   total 184320K, used 158035K [0x0000000080000000, 0x0000000100000000)
  region size 1024K, 38 young (38912K), 4 survivors (4096K)
 Metaspace       used 105962K, committed 107008K, reserved 557056K
  class space    used 14923K, committed 15360K, reserved 425984K
}
Event: 53.592 GC heap after
{Heap after GC invocations=50 (full 0):
 garbage-first heap   total 184320K, used 127500K [0x0000000080000000, 0x0000000100000000)
  region size 1024K, 5 young (5120K), 5 survivors (5120K)
 Metaspace       used 105962K, committed 107008K, reserved 557056K
  class space    used 14923K, committed 15360K, reserved 425984K
}
Event: 53.753 GC heap before
{Heap before GC invocations=50 (full 0):
 garbage-first heap   total 184320K, used 152076K [0x0000000080000000, 0x0000000100000000)
  region size 1024K, 29 young (29696K), 5 survivors (5120K)
 Metaspace       used 105965K, committed 107008K, reserved 557056K
  class space    used 14923K, committed 15360K, reserved 425984K
}
Event: 53.767 GC heap after
{Heap after GC invocations=51 (full 0):
 garbage-first heap   total 184320K, used 134650K [0x0000000080000000, 0x0000000100000000)
  region size 1024K, 4 young (4096K), 4 survivors (4096K)
 Metaspace       used 105965K, committed 107008K, reserved 557056K
  class space    used 14923K, committed 15360K, reserved 425984K
}
Event: 53.935 GC heap before
{Heap before GC invocations=51 (full 0):
 garbage-first heap   total 184320K, used 153082K [0x0000000080000000, 0x0000000100000000)
  region size 1024K, 22 young (22528K), 4 survivors (4096K)
 Metaspace       used 105978K, committed 107008K, reserved 557056K
  class space    used 14923K, committed 15360K, reserved 425984K
}
Event: 53.945 GC heap after
{Heap after GC invocations=52 (full 0):
 garbage-first heap   total 184320K, used 140755K [0x0000000080000000, 0x0000000100000000)
  region size 1024K, 3 young (3072K), 3 survivors (3072K)
 Metaspace       used 105978K, committed 107008K, reserved 557056K
  class space    used 14923K, committed 15360K, reserved 425984K
}
Event: 54.357 GC heap before
{Heap before GC invocations=52 (full 0):
 garbage-first heap   total 184320K, used 154067K [0x0000000080000000, 0x0000000100000000)
  region size 1024K, 16 young (16384K), 3 survivors (3072K)
 Metaspace       used 106862K, committed 107840K, reserved 557056K
  class space    used 15038K, committed 15488K, reserved 425984K
}
Event: 54.362 GC heap after
{Heap after GC invocations=53 (full 0):
 garbage-first heap   total 184320K, used 142743K [0x0000000080000000, 0x0000000100000000)
  region size 1024K, 2 young (2048K), 2 survivors (2048K)
 Metaspace       used 106862K, committed 107840K, reserved 557056K
  class space    used 15038K, committed 15488K, reserved 425984K
}
Event: 54.751 GC heap before
{Heap before GC invocations=54 (full 0):
 garbage-first heap   total 247808K, used 152983K [0x0000000080000000, 0x0000000100000000)
  region size 1024K, 14 young (14336K), 2 survivors (2048K)
 Metaspace       used 108310K, committed 109248K, reserved 557056K
  class space    used 15234K, committed 15680K, reserved 425984K
}
Event: 54.753 GC heap after
{Heap after GC invocations=55 (full 0):
 garbage-first heap   total 247808K, used 141944K [0x0000000080000000, 0x0000000100000000)
  region size 1024K, 2 young (2048K), 2 survivors (2048K)
 Metaspace       used 108310K, committed 109248K, reserved 557056K
  class space    used 15234K, committed 15680K, reserved 425984K
}
Event: 54.985 GC heap before
{Heap before GC invocations=55 (full 0):
 garbage-first heap   total 247808K, used 152184K [0x0000000080000000, 0x0000000100000000)
  region size 1024K, 12 young (12288K), 2 survivors (2048K)
 Metaspace       used 109542K, committed 110528K, reserved 557056K
  class space    used 15348K, committed 15808K, reserved 425984K
}
Event: 54.990 GC heap after
{Heap after GC invocations=56 (full 0):
 garbage-first heap   total 247808K, used 141740K [0x0000000080000000, 0x0000000100000000)
  region size 1024K, 2 young (2048K), 2 survivors (2048K)
 Metaspace       used 109542K, committed 110528K, reserved 557056K
  class space    used 15348K, committed 15808K, reserved 425984K
}
Event: 56.180 GC heap before
{Heap before GC invocations=56 (full 0):
 garbage-first heap   total 247808K, used 202156K [0x0000000080000000, 0x0000000100000000)
  region size 1024K, 54 young (55296K), 2 survivors (2048K)
 Metaspace       used 114831K, committed 115776K, reserved 557056K
  class space    used 15815K, committed 16256K, reserved 425984K
}
Event: 56.186 GC heap after
{Heap after GC invocations=57 (full 0):
 garbage-first heap   total 342016K, used 152515K [0x0000000080000000, 0x0000000100000000)
  region size 1024K, 5 young (5120K), 5 survivors (5120K)
 Metaspace       used 114831K, committed 115776K, reserved 557056K
  class space    used 15815K, committed 16256K, reserved 425984K
}
Event: 59.144 GC heap before
{Heap before GC invocations=57 (full 0):
 garbage-first heap   total 342016K, used 263107K [0x0000000080000000, 0x0000000100000000)
  region size 1024K, 112 young (114688K), 5 survivors (5120K)
 Metaspace       used 124626K, committed 125632K, reserved 557056K
  class space    used 17028K, committed 17472K, reserved 425984K
}
Event: 59.154 GC heap after
{Heap after GC invocations=58 (full 0):
 garbage-first heap   total 342016K, used 158120K [0x0000000080000000, 0x0000000100000000)
  region size 1024K, 11 young (11264K), 11 survivors (11264K)
 Metaspace       used 124626K, committed 125632K, reserved 557056K
  class space    used 17028K, committed 17472K, reserved 425984K
}
Event: 63.210 GC heap before
{Heap before GC invocations=58 (full 0):
 garbage-first heap   total 342016K, used 267688K [0x0000000080000000, 0x0000000100000000)
  region size 1024K, 118 young (120832K), 11 survivors (11264K)
 Metaspace       used 129205K, committed 130176K, reserved 557056K
  class space    used 17517K, committed 17984K, reserved 425984K
}
Event: 63.225 GC heap after
{Heap after GC invocations=59 (full 0):
 garbage-first heap   total 342016K, used 166776K [0x0000000080000000, 0x0000000100000000)
  region size 1024K, 14 young (14336K), 14 survivors (14336K)
 Metaspace       used 129205K, committed 130176K, reserved 557056K
  class space    used 17517K, committed 17984K, reserved 425984K
}
Event: 70.407 GC heap before
{Heap before GC invocations=59 (full 0):
 garbage-first heap   total 342016K, used 272248K [0x0000000080000000, 0x0000000100000000)
  region size 1024K, 117 young (119808K), 14 survivors (14336K)
 Metaspace       used 140395K, committed 141376K, reserved 557056K
  class space    used 18743K, committed 19200K, reserved 425984K
}
Event: 70.429 GC heap after
{Heap after GC invocations=60 (full 0):
 garbage-first heap   total 342016K, used 175068K [0x0000000080000000, 0x0000000100000000)
  region size 1024K, 9 young (9216K), 9 survivors (9216K)
 Metaspace       used 140395K, committed 141376K, reserved 557056K
  class space    used 18743K, committed 19200K, reserved 425984K
}

